2024-02-09 23:54:00 [Backup] Backup was done successfully in: /University_20240209_235400.dmp
2024-02-10 00:04:11 [Backup INFO] Backup was done successfully in: /University_20240210_000411.dmp
2024-02-10 00:04:12 [Disk Warning] Disk usage is high: 47, please free up space as soon as possible
2024-02-10 00:05:39 [Backup INFO] Backup was done successfully in: /University_20240210_000539.dmp
2024-02-10 00:05:39 [Disk Warning] Disk usage is high: 47, please free up space as soon as possible
2024-02-10 00:08:20 [Backup INFO] Backup was done successfully in: /University_20240210_000820.dmp
2024-02-10 00:08:20 [Disk Warning] Disk usage is high: 47, please free up space as soon as possible
2024-02-10 00:08:52 [Backup INFO] Backup was done successfully in: /University_20240210_000851.dmp
2024-02-10 00:08:52 [Disk Warning] Disk usage is high: 47, please free up space as soon as possible
2024-02-10 00:09:21 [Backup INFO] Backup was done successfully in: /University_20240210_000920.dmp
2024-02-10 00:09:21 [Disk Warning] Disk usage is high: 47, please free up space as soon as possible
2024-02-10 00:09:39 [Backup INFO] Backup was done successfully in: /University_20240210_000939.dmp
2024-02-10 00:09:39 [Disk INFO] Disk usage is: 47, which still within safe zone
2024-02-10 00:10:33 [Backup INFO] Backup was done successfully in: /University_20240210_001032.dmp
2024-02-10 00:10:33 [Disk INFO] Disk usage is: 47, which still within safe zone
2024-02-10 00:18:09 [Backup INFO] Backup was done successfully in: /University_20240210_001809.dmp
2024-02-10 00:18:10 [Disk INFO] Disk usage is: 47, which still within safe zone.
2024-02-10 14:27:03 [Backup INFO] Backup was done successfully in: /University_20240210_142657.dmp
2024-02-10 14:27:03 [Disk INFO] Disk usage is: 47, which still within safe zone.
2024-02-10 14:28:49 [Backup INFO] Backup was done successfully in: /University_20240210_142847.dmp
2024-02-10 14:28:49 [Disk INFO] Disk usage is: 47, which still within safe zone.
2024-02-10 14:29:50 [Backup INFO] Backup was done successfully in: /University_20240210_142949.dmp
2024-02-10 14:29:50 [Disk INFO] Disk usage is: 47, which still within safe zone.
2024-02-11 11:00:06 [Backup INFO] Backup was done successfully in: /University_20240211_110002.dmp
2024-02-11 11:00:06 [Disk INFO] Disk usage is: 47, which still within safe zone.
2024-02-11 22:52:50 [Backup INFO] Backup was done successfully in: /University_20240211_225245.dmp
2024-02-11 22:52:50 [Disk INFO] Disk usage is: 47, which still within safe zone.
2024-02-11 22:53:08 [Backup INFO] Backup was done successfully in: /University_20240211_225307.dmp
2024-02-11 22:53:08 [Disk INFO] Disk usage is: 47, which still within safe zone.
